{"E:\\xueyi\\2020（1）\\AS\\NovelIdeas-master\\NovelIdeas-master\\models\\novels.js":{"path":"E:\\xueyi\\2020（1）\\AS\\NovelIdeas-master\\NovelIdeas-master\\models\\novels.js","statementMap":{"0":{"start":{"line":1,"column":15},"end":{"line":1,"column":34}},"1":{"start":{"line":3,"column":18},"end":{"line":11,"column":29}},"2":{"start":{"line":13,"column":0},"end":{"line":13,"column":54}}},"fnMap":{},"branchMap":{},"s":{"0":1,"1":1,"2":1},"f":{},"b":{},"_coverageSchema":"43e27e138ebf9cfc5966b082cf9a028302ed4184","hash":"b7c78179bfab9c86800c03122090e4ea8750fc4b","contentHash":"f322a86e2adbf1175395e3fd544f05d6cf524c005cd3a89305f9c3266ac7bcf4"},"E:\\xueyi\\2020（1）\\AS\\NovelIdeas-master\\NovelIdeas-master\\models\\user.js":{"path":"E:\\xueyi\\2020（1）\\AS\\NovelIdeas-master\\NovelIdeas-master\\models\\user.js","statementMap":{"0":{"start":{"line":1,"column":15},"end":{"line":1,"column":34}},"1":{"start":{"line":3,"column":17},"end":{"line":8,"column":27}},"2":{"start":{"line":10,"column":0},"end":{"line":10,"column":52}}},"fnMap":{},"branchMap":{},"s":{"0":1,"1":1,"2":1},"f":{},"b":{},"_coverageSchema":"43e27e138ebf9cfc5966b082cf9a028302ed4184","hash":"f49f52651021f93c12d279053e8ce200d9ec8597","contentHash":"f31aa8798f22f56525e1978c238234b39ddb795b91a28557392dc106e00239e8"},"E:\\xueyi\\2020（1）\\AS\\NovelIdeas-master\\NovelIdeas-master\\models\\author.js":{"path":"E:\\xueyi\\2020（1）\\AS\\NovelIdeas-master\\NovelIdeas-master\\models\\author.js","statementMap":{"0":{"start":{"line":1,"column":15},"end":{"line":1,"column":34}},"1":{"start":{"line":3,"column":19},"end":{"line":11,"column":29}},"2":{"start":{"line":13,"column":0},"end":{"line":13,"column":56}}},"fnMap":{},"branchMap":{},"s":{"0":1,"1":1,"2":1},"f":{},"b":{},"_coverageSchema":"43e27e138ebf9cfc5966b082cf9a028302ed4184","hash":"af80c14a9e9783a19c06d37d965614e5da0ac509","contentHash":"a27f116d4ad0a4dcf42ec19b15b8cffafc36bbc50c61a6c8cb6d76f0c1eb2992"},"E:\\xueyi\\2020（1）\\AS\\NovelIdeas-master\\NovelIdeas-master\\app.js":{"path":"E:\\xueyi\\2020（1）\\AS\\NovelIdeas-master\\NovelIdeas-master\\app.js","statementMap":{"0":{"start":{"line":1,"column":18},"end":{"line":1,"column":40}},"1":{"start":{"line":2,"column":14},"end":{"line":2,"column":32}},"2":{"start":{"line":3,"column":11},"end":{"line":3,"column":26}},"3":{"start":{"line":4,"column":19},"end":{"line":4,"column":43}},"4":{"start":{"line":5,"column":13},"end":{"line":5,"column":30}},"5":{"start":{"line":7,"column":18},"end":{"line":7,"column":43}},"6":{"start":{"line":8,"column":18},"end":{"line":8,"column":43}},"7":{"start":{"line":10,"column":15},"end":{"line":10,"column":41}},"8":{"start":{"line":11,"column":15},"end":{"line":11,"column":41}},"9":{"start":{"line":12,"column":13},"end":{"line":12,"column":37}},"10":{"start":{"line":13,"column":10},"end":{"line":13,"column":19}},"11":{"start":{"line":16,"column":0},"end":{"line":16,"column":48}},"12":{"start":{"line":17,"column":0},"end":{"line":17,"column":30}},"13":{"start":{"line":19,"column":0},"end":{"line":19,"column":23}},"14":{"start":{"line":20,"column":0},"end":{"line":20,"column":24}},"15":{"start":{"line":21,"column":0},"end":{"line":21,"column":49}},"16":{"start":{"line":22,"column":0},"end":{"line":22,"column":24}},"17":{"start":{"line":23,"column":0},"end":{"line":23,"column":56}},"18":{"start":{"line":25,"column":0},"end":{"line":25,"column":26}},"19":{"start":{"line":26,"column":0},"end":{"line":26,"column":31}},"20":{"start":{"line":28,"column":0},"end":{"line":28,"column":36}},"21":{"start":{"line":29,"column":0},"end":{"line":29,"column":32}},"22":{"start":{"line":30,"column":0},"end":{"line":30,"column":35}},"23":{"start":{"line":31,"column":0},"end":{"line":31,"column":40}},"24":{"start":{"line":33,"column":0},"end":{"line":33,"column":35}},"25":{"start":{"line":34,"column":0},"end":{"line":34,"column":39}},"26":{"start":{"line":35,"column":0},"end":{"line":35,"column":36}},"27":{"start":{"line":36,"column":0},"end":{"line":36,"column":41}},"28":{"start":{"line":37,"column":0},"end":{"line":37,"column":46}},"29":{"start":{"line":39,"column":0},"end":{"line":39,"column":35}},"30":{"start":{"line":40,"column":0},"end":{"line":40,"column":39}},"31":{"start":{"line":41,"column":0},"end":{"line":41,"column":38}},"32":{"start":{"line":42,"column":0},"end":{"line":42,"column":53}},"33":{"start":{"line":43,"column":0},"end":{"line":43,"column":51}},"34":{"start":{"line":45,"column":0},"end":{"line":47,"column":3}},"35":{"start":{"line":46,"column":2},"end":{"line":46,"column":25}},"36":{"start":{"line":50,"column":0},"end":{"line":58,"column":3}},"37":{"start":{"line":52,"column":2},"end":{"line":52,"column":35}},"38":{"start":{"line":53,"column":2},"end":{"line":53,"column":69}},"39":{"start":{"line":56,"column":2},"end":{"line":56,"column":32}},"40":{"start":{"line":57,"column":2},"end":{"line":57,"column":22}},"41":{"start":{"line":59,"column":0},"end":{"line":61,"column":1}},"42":{"start":{"line":60,"column":2},"end":{"line":60,"column":25}},"43":{"start":{"line":62,"column":0},"end":{"line":62,"column":21}}},"fnMap":{"0":{"name":"(anonymous_0)","decl":{"start":{"line":45,"column":8},"end":{"line":45,"column":9}},"loc":{"start":{"line":45,"column":33},"end":{"line":47,"column":1}},"line":45},"1":{"name":"(anonymous_1)","decl":{"start":{"line":50,"column":8},"end":{"line":50,"column":9}},"loc":{"start":{"line":50,"column":38},"end":{"line":58,"column":1}},"line":50}},"branchMap":{"0":{"loc":{"start":{"line":53,"column":21},"end":{"line":53,"column":68}},"type":"cond-expr","locations":[{"start":{"line":53,"column":60},"end":{"line":53,"column":63}},{"start":{"line":53,"column":66},"end":{"line":53,"column":68}}],"line":53},"1":{"loc":{"start":{"line":56,"column":13},"end":{"line":56,"column":30}},"type":"binary-expr","locations":[{"start":{"line":56,"column":13},"end":{"line":56,"column":23}},{"start":{"line":56,"column":27},"end":{"line":56,"column":30}}],"line":56},"2":{"loc":{"start":{"line":59,"column":0},"end":{"line":61,"column":1}},"type":"if","locations":[{"start":{"line":59,"column":0},"end":{"line":61,"column":1}},{"start":{"line":59,"column":0},"end":{"line":61,"column":1}}],"line":59}},"s":{"0":1,"1":1,"2":1,"3":1,"4":1,"5":1,"6":1,"7":1,"8":1,"9":1,"10":1,"11":1,"12":1,"13":1,"14":1,"15":1,"16":1,"17":1,"18":1,"19":1,"20":1,"21":1,"22":1,"23":1,"24":1,"25":1,"26":1,"27":1,"28":1,"29":1,"30":1,"31":1,"32":1,"33":1,"34":1,"35":0,"36":1,"37":0,"38":0,"39":0,"40":0,"41":1,"42":1,"43":1},"f":{"0":0,"1":0},"b":{"0":[0,0],"1":[0,0],"2":[1,0]},"_coverageSchema":"43e27e138ebf9cfc5966b082cf9a028302ed4184","hash":"325ed06c00de44b1c73256bf763a4a9456ec8556","contentHash":"0fabb5d7c2404350361951630f5a024987955241d1ae9d01af6b1c59c5ec35e2"},"E:\\xueyi\\2020（1）\\AS\\NovelIdeas-master\\NovelIdeas-master\\routes\\index.js":{"path":"E:\\xueyi\\2020（1）\\AS\\NovelIdeas-master\\NovelIdeas-master\\routes\\index.js","statementMap":{"0":{"start":{"line":1,"column":14},"end":{"line":1,"column":32}},"1":{"start":{"line":2,"column":13},"end":{"line":2,"column":29}},"2":{"start":{"line":5,"column":0},"end":{"line":7,"column":2}},"3":{"start":{"line":6,"column":4},"end":{"line":6,"column":61}},"4":{"start":{"line":9,"column":0},"end":{"line":9,"column":23}}},"fnMap":{"0":{"name":"(anonymous_0)","decl":{"start":{"line":5,"column":16},"end":{"line":5,"column":17}},"loc":{"start":{"line":5,"column":35},"end":{"line":7,"column":1}},"line":5}},"branchMap":{},"s":{"0":1,"1":1,"2":1,"3":0,"4":1},"f":{"0":0},"b":{},"_coverageSchema":"43e27e138ebf9cfc5966b082cf9a028302ed4184","hash":"eb01911d14f03b0781ea0eb75b4adc615c3897d2","contentHash":"51ae9138191b0e89f0cf9decbf60a21b705d4e4049b3de445dd7370505a1b0db"},"E:\\xueyi\\2020（1）\\AS\\NovelIdeas-master\\NovelIdeas-master\\routes\\users.js":{"path":"E:\\xueyi\\2020（1）\\AS\\NovelIdeas-master\\NovelIdeas-master\\routes\\users.js","statementMap":{"0":{"start":{"line":1,"column":14},"end":{"line":1,"column":32}},"1":{"start":{"line":2,"column":13},"end":{"line":2,"column":29}},"2":{"start":{"line":5,"column":0},"end":{"line":7,"column":2}},"3":{"start":{"line":6,"column":4},"end":{"line":6,"column":39}},"4":{"start":{"line":9,"column":0},"end":{"line":9,"column":23}}},"fnMap":{"0":{"name":"(anonymous_0)","decl":{"start":{"line":5,"column":16},"end":{"line":5,"column":17}},"loc":{"start":{"line":5,"column":35},"end":{"line":7,"column":1}},"line":5}},"branchMap":{},"s":{"0":1,"1":1,"2":1,"3":0,"4":1},"f":{"0":0},"b":{},"_coverageSchema":"43e27e138ebf9cfc5966b082cf9a028302ed4184","hash":"5f2fe13d41ddaaa8f7e82b9a382db8e36878e0b5","contentHash":"14891fc55b53f9fbb98551b5ddbfb690869c1c1942e67351c8292228345e9d5d"},"E:\\xueyi\\2020（1）\\AS\\NovelIdeas-master\\NovelIdeas-master\\routes\\novels.js":{"path":"E:\\xueyi\\2020（1）\\AS\\NovelIdeas-master\\NovelIdeas-master\\routes\\novels.js","statementMap":{"0":{"start":{"line":1,"column":12},"end":{"line":1,"column":39}},"1":{"start":{"line":2,"column":14},"end":{"line":2,"column":32}},"2":{"start":{"line":3,"column":13},"end":{"line":3,"column":29}},"3":{"start":{"line":5,"column":0},"end":{"line":15,"column":1}},"4":{"start":{"line":7,"column":4},"end":{"line":7,"column":53}},"5":{"start":{"line":9,"column":4},"end":{"line":14,"column":6}},"6":{"start":{"line":10,"column":8},"end":{"line":11,"column":25}},"7":{"start":{"line":11,"column":12},"end":{"line":11,"column":25}},"8":{"start":{"line":13,"column":8},"end":{"line":13,"column":48}},"9":{"start":{"line":17,"column":0},"end":{"line":28,"column":1}},"10":{"start":{"line":19,"column":4},"end":{"line":19,"column":53}},"11":{"start":{"line":21,"column":4},"end":{"line":26,"column":6}},"12":{"start":{"line":22,"column":8},"end":{"line":25,"column":51}},"13":{"start":{"line":23,"column":12},"end":{"line":23,"column":68}},"14":{"start":{"line":25,"column":12},"end":{"line":25,"column":51}},"15":{"start":{"line":30,"column":0},"end":{"line":64,"column":1}},"16":{"start":{"line":32,"column":4},"end":{"line":32,"column":53}},"17":{"start":{"line":34,"column":15},"end":{"line":34,"column":28}},"18":{"start":{"line":35,"column":17},"end":{"line":35,"column":32}},"19":{"start":{"line":36,"column":15},"end":{"line":36,"column":28}},"20":{"start":{"line":37,"column":22},"end":{"line":37,"column":42}},"21":{"start":{"line":39,"column":4},"end":{"line":42,"column":5}},"22":{"start":{"line":40,"column":8},"end":{"line":40,"column":64}},"23":{"start":{"line":41,"column":8},"end":{"line":41,"column":14}},"24":{"start":{"line":44,"column":4},"end":{"line":63,"column":6}},"25":{"start":{"line":47,"column":8},"end":{"line":50,"column":9}},"26":{"start":{"line":48,"column":12},"end":{"line":48,"column":76}},"27":{"start":{"line":49,"column":12},"end":{"line":49,"column":18}},"28":{"start":{"line":51,"column":20},"end":{"line":56,"column":10}},"29":{"start":{"line":57,"column":8},"end":{"line":62,"column":10}},"30":{"start":{"line":58,"column":12},"end":{"line":61,"column":78}},"31":{"start":{"line":59,"column":16},"end":{"line":59,"column":71}},"32":{"start":{"line":61,"column":16},"end":{"line":61,"column":78}},"33":{"start":{"line":66,"column":0},"end":{"line":80,"column":1}},"34":{"start":{"line":67,"column":4},"end":{"line":79,"column":6}},"35":{"start":{"line":68,"column":8},"end":{"line":78,"column":9}},"36":{"start":{"line":69,"column":12},"end":{"line":69,"column":68}},"37":{"start":{"line":71,"column":12},"end":{"line":71,"column":40}},"38":{"start":{"line":72,"column":12},"end":{"line":77,"column":14}},"39":{"start":{"line":73,"column":16},"end":{"line":76,"column":84}},"40":{"start":{"line":74,"column":20},"end":{"line":74,"column":77}},"41":{"start":{"line":76,"column":20},"end":{"line":76,"column":84}},"42":{"start":{"line":81,"column":0},"end":{"line":89,"column":1}},"43":{"start":{"line":83,"column":4},"end":{"line":88,"column":6}},"44":{"start":{"line":84,"column":8},"end":{"line":87,"column":76}},"45":{"start":{"line":85,"column":12},"end":{"line":85,"column":69}},"46":{"start":{"line":87,"column":12},"end":{"line":87,"column":76}},"47":{"start":{"line":91,"column":0},"end":{"line":91,"column":23}}},"fnMap":{"0":{"name":"(anonymous_0)","decl":{"start":{"line":5,"column":17},"end":{"line":5,"column":18}},"loc":{"start":{"line":5,"column":31},"end":{"line":15,"column":1}},"line":5},"1":{"name":"(anonymous_1)","decl":{"start":{"line":9,"column":15},"end":{"line":9,"column":16}},"loc":{"start":{"line":9,"column":37},"end":{"line":14,"column":5}},"line":9},"2":{"name":"(anonymous_2)","decl":{"start":{"line":17,"column":17},"end":{"line":17,"column":18}},"loc":{"start":{"line":17,"column":31},"end":{"line":28,"column":1}},"line":17},"3":{"name":"(anonymous_3)","decl":{"start":{"line":21,"column":41},"end":{"line":21,"column":42}},"loc":{"start":{"line":21,"column":62},"end":{"line":26,"column":5}},"line":21},"4":{"name":"(anonymous_4)","decl":{"start":{"line":30,"column":18},"end":{"line":30,"column":19}},"loc":{"start":{"line":30,"column":32},"end":{"line":64,"column":1}},"line":30},"5":{"name":"(anonymous_5)","decl":{"start":{"line":46,"column":6},"end":{"line":46,"column":7}},"loc":{"start":{"line":46,"column":27},"end":{"line":63,"column":5}},"line":46},"6":{"name":"(anonymous_6)","decl":{"start":{"line":57,"column":19},"end":{"line":57,"column":20}},"loc":{"start":{"line":57,"column":33},"end":{"line":62,"column":9}},"line":57},"7":{"name":"(anonymous_7)","decl":{"start":{"line":66,"column":19},"end":{"line":66,"column":20}},"loc":{"start":{"line":66,"column":30},"end":{"line":80,"column":1}},"line":66},"8":{"name":"(anonymous_8)","decl":{"start":{"line":67,"column":34},"end":{"line":67,"column":35}},"loc":{"start":{"line":67,"column":54},"end":{"line":79,"column":5}},"line":67},"9":{"name":"(anonymous_9)","decl":{"start":{"line":72,"column":23},"end":{"line":72,"column":24}},"loc":{"start":{"line":72,"column":38},"end":{"line":77,"column":13}},"line":72},"10":{"name":"(anonymous_10)","decl":{"start":{"line":81,"column":21},"end":{"line":81,"column":22}},"loc":{"start":{"line":81,"column":35},"end":{"line":89,"column":1}},"line":81},"11":{"name":"(anonymous_11)","decl":{"start":{"line":83,"column":43},"end":{"line":83,"column":44}},"loc":{"start":{"line":83,"column":57},"end":{"line":88,"column":5}},"line":83}},"branchMap":{"0":{"loc":{"start":{"line":10,"column":8},"end":{"line":11,"column":25}},"type":"if","locations":[{"start":{"line":10,"column":8},"end":{"line":11,"column":25}},{"start":{"line":10,"column":8},"end":{"line":11,"column":25}}],"line":10},"1":{"loc":{"start":{"line":22,"column":8},"end":{"line":25,"column":51}},"type":"if","locations":[{"start":{"line":22,"column":8},"end":{"line":25,"column":51}},{"start":{"line":22,"column":8},"end":{"line":25,"column":51}}],"line":22},"2":{"loc":{"start":{"line":39,"column":4},"end":{"line":42,"column":5}},"type":"if","locations":[{"start":{"line":39,"column":4},"end":{"line":42,"column":5}},{"start":{"line":39,"column":4},"end":{"line":42,"column":5}}],"line":39},"3":{"loc":{"start":{"line":47,"column":8},"end":{"line":50,"column":9}},"type":"if","locations":[{"start":{"line":47,"column":8},"end":{"line":50,"column":9}},{"start":{"line":47,"column":8},"end":{"line":50,"column":9}}],"line":47},"4":{"loc":{"start":{"line":58,"column":12},"end":{"line":61,"column":78}},"type":"if","locations":[{"start":{"line":58,"column":12},"end":{"line":61,"column":78}},{"start":{"line":58,"column":12},"end":{"line":61,"column":78}}],"line":58},"5":{"loc":{"start":{"line":68,"column":8},"end":{"line":78,"column":9}},"type":"if","locations":[{"start":{"line":68,"column":8},"end":{"line":78,"column":9}},{"start":{"line":68,"column":8},"end":{"line":78,"column":9}}],"line":68},"6":{"loc":{"start":{"line":73,"column":16},"end":{"line":76,"column":84}},"type":"if","locations":[{"start":{"line":73,"column":16},"end":{"line":76,"column":84}},{"start":{"line":73,"column":16},"end":{"line":76,"column":84}}],"line":73},"7":{"loc":{"start":{"line":84,"column":8},"end":{"line":87,"column":76}},"type":"if","locations":[{"start":{"line":84,"column":8},"end":{"line":87,"column":76}},{"start":{"line":84,"column":8},"end":{"line":87,"column":76}}],"line":84}},"s":{"0":1,"1":1,"2":1,"3":1,"4":1,"5":1,"6":1,"7":0,"8":1,"9":1,"10":5,"11":5,"12":5,"13":2,"14":3,"15":1,"16":3,"17":3,"18":3,"19":3,"20":3,"21":3,"22":1,"23":1,"24":2,"25":2,"26":1,"27":1,"28":1,"29":1,"30":1,"31":0,"32":1,"33":1,"34":1,"35":1,"36":0,"37":1,"38":1,"39":1,"40":0,"41":1,"42":1,"43":1,"44":1,"45":1,"46":0,"47":1},"f":{"0":1,"1":1,"2":5,"3":5,"4":3,"5":2,"6":1,"7":1,"8":1,"9":1,"10":1,"11":1},"b":{"0":[0,1],"1":[2,3],"2":[1,2],"3":[1,1],"4":[0,1],"5":[0,1],"6":[0,1],"7":[1,0]},"_coverageSchema":"43e27e138ebf9cfc5966b082cf9a028302ed4184","hash":"f111adf4b97965d951e13509d6205622a1184274","contentHash":"52d5f160fcfceee8ae872e382a1682b195e78b5e06fe9f2d5cf8c5d0906c9c2b"},"E:\\xueyi\\2020（1）\\AS\\NovelIdeas-master\\NovelIdeas-master\\routes\\author.js":{"path":"E:\\xueyi\\2020（1）\\AS\\NovelIdeas-master\\NovelIdeas-master\\routes\\author.js","statementMap":{"0":{"start":{"line":1,"column":13},"end":{"line":1,"column":40}},"1":{"start":{"line":2,"column":14},"end":{"line":2,"column":32}},"2":{"start":{"line":3,"column":13},"end":{"line":3,"column":29}},"3":{"start":{"line":4,"column":15},"end":{"line":4,"column":34}},"4":{"start":{"line":5,"column":0},"end":{"line":5,"column":52}},"5":{"start":{"line":7,"column":0},"end":{"line":17,"column":1}},"6":{"start":{"line":9,"column":4},"end":{"line":9,"column":53}},"7":{"start":{"line":11,"column":4},"end":{"line":16,"column":6}},"8":{"start":{"line":12,"column":8},"end":{"line":13,"column":25}},"9":{"start":{"line":13,"column":12},"end":{"line":13,"column":25}},"10":{"start":{"line":15,"column":8},"end":{"line":15,"column":48}},"11":{"start":{"line":19,"column":0},"end":{"line":30,"column":1}},"12":{"start":{"line":21,"column":4},"end":{"line":21,"column":53}},"13":{"start":{"line":23,"column":4},"end":{"line":28,"column":6}},"14":{"start":{"line":24,"column":8},"end":{"line":27,"column":52}},"15":{"start":{"line":25,"column":12},"end":{"line":25,"column":69}},"16":{"start":{"line":27,"column":12},"end":{"line":27,"column":52}},"17":{"start":{"line":32,"column":0},"end":{"line":66,"column":1}},"18":{"start":{"line":34,"column":4},"end":{"line":34,"column":53}},"19":{"start":{"line":36,"column":15},"end":{"line":36,"column":28}},"20":{"start":{"line":37,"column":19},"end":{"line":37,"column":36}},"21":{"start":{"line":38,"column":19},"end":{"line":38,"column":36}},"22":{"start":{"line":39,"column":21},"end":{"line":39,"column":40}},"23":{"start":{"line":41,"column":4},"end":{"line":44,"column":5}},"24":{"start":{"line":42,"column":8},"end":{"line":42,"column":65}},"25":{"start":{"line":43,"column":8},"end":{"line":43,"column":14}},"26":{"start":{"line":46,"column":4},"end":{"line":65,"column":6}},"27":{"start":{"line":49,"column":8},"end":{"line":52,"column":9}},"28":{"start":{"line":50,"column":12},"end":{"line":50,"column":77}},"29":{"start":{"line":51,"column":12},"end":{"line":51,"column":18}},"30":{"start":{"line":53,"column":21},"end":{"line":58,"column":10}},"31":{"start":{"line":59,"column":8},"end":{"line":64,"column":10}},"32":{"start":{"line":60,"column":12},"end":{"line":63,"column":80}},"33":{"start":{"line":61,"column":16},"end":{"line":61,"column":72}},"34":{"start":{"line":63,"column":16},"end":{"line":63,"column":80}},"35":{"start":{"line":68,"column":0},"end":{"line":77,"column":1}},"36":{"start":{"line":69,"column":17},"end":{"line":69,"column":49}},"37":{"start":{"line":71,"column":4},"end":{"line":76,"column":63}},"38":{"start":{"line":72,"column":8},"end":{"line":72,"column":34}},"39":{"start":{"line":73,"column":8},"end":{"line":73,"column":85}},"40":{"start":{"line":76,"column":8},"end":{"line":76,"column":63}},"41":{"start":{"line":78,"column":0},"end":{"line":93,"column":1}},"42":{"start":{"line":80,"column":4},"end":{"line":92,"column":6}},"43":{"start":{"line":81,"column":8},"end":{"line":91,"column":9}},"44":{"start":{"line":82,"column":12},"end":{"line":82,"column":69}},"45":{"start":{"line":84,"column":12},"end":{"line":84,"column":38}},"46":{"start":{"line":85,"column":12},"end":{"line":90,"column":14}},"47":{"start":{"line":86,"column":16},"end":{"line":89,"column":89}},"48":{"start":{"line":87,"column":20},"end":{"line":87,"column":89}},"49":{"start":{"line":89,"column":20},"end":{"line":89,"column":89}},"50":{"start":{"line":95,"column":0},"end":{"line":103,"column":1}},"51":{"start":{"line":97,"column":4},"end":{"line":102,"column":6}},"52":{"start":{"line":98,"column":8},"end":{"line":101,"column":64}},"53":{"start":{"line":99,"column":12},"end":{"line":99,"column":69}},"54":{"start":{"line":101,"column":12},"end":{"line":101,"column":64}},"55":{"start":{"line":106,"column":0},"end":{"line":106,"column":23}}},"fnMap":{"0":{"name":"(anonymous_0)","decl":{"start":{"line":7,"column":17},"end":{"line":7,"column":18}},"loc":{"start":{"line":7,"column":31},"end":{"line":17,"column":1}},"line":7},"1":{"name":"(anonymous_1)","decl":{"start":{"line":11,"column":16},"end":{"line":11,"column":17}},"loc":{"start":{"line":11,"column":38},"end":{"line":16,"column":5}},"line":11},"2":{"name":"(anonymous_2)","decl":{"start":{"line":19,"column":17},"end":{"line":19,"column":18}},"loc":{"start":{"line":19,"column":31},"end":{"line":30,"column":1}},"line":19},"3":{"name":"(anonymous_3)","decl":{"start":{"line":23,"column":42},"end":{"line":23,"column":43}},"loc":{"start":{"line":23,"column":64},"end":{"line":28,"column":5}},"line":23},"4":{"name":"(anonymous_4)","decl":{"start":{"line":32,"column":19},"end":{"line":32,"column":20}},"loc":{"start":{"line":32,"column":33},"end":{"line":66,"column":1}},"line":32},"5":{"name":"(anonymous_5)","decl":{"start":{"line":48,"column":6},"end":{"line":48,"column":7}},"loc":{"start":{"line":48,"column":27},"end":{"line":65,"column":5}},"line":48},"6":{"name":"(anonymous_6)","decl":{"start":{"line":59,"column":20},"end":{"line":59,"column":21}},"loc":{"start":{"line":59,"column":34},"end":{"line":64,"column":9}},"line":59},"7":{"name":"(anonymous_7)","decl":{"start":{"line":68,"column":23},"end":{"line":68,"column":24}},"loc":{"start":{"line":68,"column":37},"end":{"line":77,"column":1}},"line":68},"8":{"name":"(anonymous_8)","decl":{"start":{"line":78,"column":23},"end":{"line":78,"column":24}},"loc":{"start":{"line":78,"column":37},"end":{"line":93,"column":1}},"line":78},"9":{"name":"(anonymous_9)","decl":{"start":{"line":80,"column":35},"end":{"line":80,"column":36}},"loc":{"start":{"line":80,"column":56},"end":{"line":92,"column":5}},"line":80},"10":{"name":"(anonymous_10)","decl":{"start":{"line":85,"column":24},"end":{"line":85,"column":25}},"loc":{"start":{"line":85,"column":39},"end":{"line":90,"column":13}},"line":85},"11":{"name":"(anonymous_11)","decl":{"start":{"line":95,"column":26},"end":{"line":95,"column":27}},"loc":{"start":{"line":95,"column":40},"end":{"line":103,"column":1}},"line":95},"12":{"name":"(anonymous_12)","decl":{"start":{"line":97,"column":44},"end":{"line":97,"column":45}},"loc":{"start":{"line":97,"column":58},"end":{"line":102,"column":5}},"line":97}},"branchMap":{"0":{"loc":{"start":{"line":12,"column":8},"end":{"line":13,"column":25}},"type":"if","locations":[{"start":{"line":12,"column":8},"end":{"line":13,"column":25}},{"start":{"line":12,"column":8},"end":{"line":13,"column":25}}],"line":12},"1":{"loc":{"start":{"line":24,"column":8},"end":{"line":27,"column":52}},"type":"if","locations":[{"start":{"line":24,"column":8},"end":{"line":27,"column":52}},{"start":{"line":24,"column":8},"end":{"line":27,"column":52}}],"line":24},"2":{"loc":{"start":{"line":41,"column":4},"end":{"line":44,"column":5}},"type":"if","locations":[{"start":{"line":41,"column":4},"end":{"line":44,"column":5}},{"start":{"line":41,"column":4},"end":{"line":44,"column":5}}],"line":41},"3":{"loc":{"start":{"line":49,"column":8},"end":{"line":52,"column":9}},"type":"if","locations":[{"start":{"line":49,"column":8},"end":{"line":52,"column":9}},{"start":{"line":49,"column":8},"end":{"line":52,"column":9}}],"line":49},"4":{"loc":{"start":{"line":60,"column":12},"end":{"line":63,"column":80}},"type":"if","locations":[{"start":{"line":60,"column":12},"end":{"line":63,"column":80}},{"start":{"line":60,"column":12},"end":{"line":63,"column":80}}],"line":60},"5":{"loc":{"start":{"line":71,"column":4},"end":{"line":76,"column":63}},"type":"if","locations":[{"start":{"line":71,"column":4},"end":{"line":76,"column":63}},{"start":{"line":71,"column":4},"end":{"line":76,"column":63}}],"line":71},"6":{"loc":{"start":{"line":81,"column":8},"end":{"line":91,"column":9}},"type":"if","locations":[{"start":{"line":81,"column":8},"end":{"line":91,"column":9}},{"start":{"line":81,"column":8},"end":{"line":91,"column":9}}],"line":81},"7":{"loc":{"start":{"line":86,"column":16},"end":{"line":89,"column":89}},"type":"if","locations":[{"start":{"line":86,"column":16},"end":{"line":89,"column":89}},{"start":{"line":86,"column":16},"end":{"line":89,"column":89}}],"line":86},"8":{"loc":{"start":{"line":98,"column":8},"end":{"line":101,"column":64}},"type":"if","locations":[{"start":{"line":98,"column":8},"end":{"line":101,"column":64}},{"start":{"line":98,"column":8},"end":{"line":101,"column":64}}],"line":98}},"s":{"0":1,"1":1,"2":1,"3":1,"4":1,"5":1,"6":1,"7":1,"8":1,"9":0,"10":1,"11":1,"12":4,"13":4,"14":4,"15":1,"16":3,"17":1,"18":3,"19":3,"20":3,"21":3,"22":3,"23":3,"24":1,"25":1,"26":2,"27":2,"28":1,"29":1,"30":1,"31":1,"32":1,"33":0,"34":1,"35":1,"36":0,"37":0,"38":0,"39":0,"40":0,"41":1,"42":2,"43":2,"44":1,"45":1,"46":1,"47":1,"48":0,"49":1,"50":1,"51":2,"52":2,"53":1,"54":1,"55":1},"f":{"0":1,"1":1,"2":4,"3":4,"4":3,"5":2,"6":1,"7":0,"8":2,"9":2,"10":1,"11":2,"12":2},"b":{"0":[0,1],"1":[1,3],"2":[1,2],"3":[1,1],"4":[0,1],"5":[0,0],"6":[1,1],"7":[0,1],"8":[1,1]},"_coverageSchema":"43e27e138ebf9cfc5966b082cf9a028302ed4184","hash":"a473b5e69c5bbeab9c6b12837008f31801e22c59","contentHash":"d030f36ca02e514267ff32b24a268b0422b354e248561e49fefbd35deff6805a"},"E:\\xueyi\\2020（1）\\AS\\NovelIdeas-master\\NovelIdeas-master\\routes\\user.js":{"path":"E:\\xueyi\\2020（1）\\AS\\NovelIdeas-master\\NovelIdeas-master\\routes\\user.js","statementMap":{"0":{"start":{"line":1,"column":11},"end":{"line":1,"column":36}},"1":{"start":{"line":2,"column":14},"end":{"line":2,"column":32}},"2":{"start":{"line":3,"column":13},"end":{"line":3,"column":29}},"3":{"start":{"line":4,"column":15},"end":{"line":4,"column":34}},"4":{"start":{"line":5,"column":0},"end":{"line":5,"column":52}},"5":{"start":{"line":9,"column":0},"end":{"line":28,"column":1}},"6":{"start":{"line":11,"column":4},"end":{"line":27,"column":6}},"7":{"start":{"line":12,"column":26},"end":{"line":12,"column":43}},"8":{"start":{"line":13,"column":8},"end":{"line":26,"column":9}},"9":{"start":{"line":14,"column":12},"end":{"line":14,"column":67}},"10":{"start":{"line":15,"column":13},"end":{"line":26,"column":9}},"11":{"start":{"line":16,"column":12},"end":{"line":16,"column":74}},"12":{"start":{"line":19,"column":12},"end":{"line":19,"column":39}},"13":{"start":{"line":20,"column":12},"end":{"line":25,"column":14}},"14":{"start":{"line":21,"column":16},"end":{"line":24,"column":87}},"15":{"start":{"line":22,"column":20},"end":{"line":22,"column":81}},"16":{"start":{"line":24,"column":20},"end":{"line":24,"column":87}},"17":{"start":{"line":30,"column":0},"end":{"line":70,"column":1}},"18":{"start":{"line":31,"column":4},"end":{"line":31,"column":53}},"19":{"start":{"line":33,"column":19},"end":{"line":33,"column":36}},"20":{"start":{"line":34,"column":19},"end":{"line":34,"column":36}},"21":{"start":{"line":35,"column":16},"end":{"line":35,"column":30}},"22":{"start":{"line":38,"column":4},"end":{"line":41,"column":5}},"23":{"start":{"line":39,"column":8},"end":{"line":39,"column":62}},"24":{"start":{"line":40,"column":8},"end":{"line":40,"column":14}},"25":{"start":{"line":42,"column":4},"end":{"line":45,"column":5}},"26":{"start":{"line":43,"column":8},"end":{"line":43,"column":62}},"27":{"start":{"line":44,"column":8},"end":{"line":44,"column":14}},"28":{"start":{"line":46,"column":4},"end":{"line":49,"column":5}},"29":{"start":{"line":47,"column":8},"end":{"line":47,"column":59}},"30":{"start":{"line":48,"column":8},"end":{"line":48,"column":14}},"31":{"start":{"line":50,"column":4},"end":{"line":68,"column":6}},"32":{"start":{"line":53,"column":8},"end":{"line":56,"column":9}},"33":{"start":{"line":54,"column":12},"end":{"line":54,"column":74}},"34":{"start":{"line":55,"column":12},"end":{"line":55,"column":18}},"35":{"start":{"line":57,"column":19},"end":{"line":61,"column":10}},"36":{"start":{"line":62,"column":8},"end":{"line":67,"column":10}},"37":{"start":{"line":63,"column":12},"end":{"line":66,"column":81}},"38":{"start":{"line":64,"column":16},"end":{"line":64,"column":75}},"39":{"start":{"line":66,"column":16},"end":{"line":66,"column":81}},"40":{"start":{"line":72,"column":0},"end":{"line":97,"column":1}},"41":{"start":{"line":73,"column":4},"end":{"line":73,"column":53}},"42":{"start":{"line":75,"column":19},"end":{"line":75,"column":36}},"43":{"start":{"line":76,"column":19},"end":{"line":76,"column":36}},"44":{"start":{"line":78,"column":4},"end":{"line":81,"column":5}},"45":{"start":{"line":79,"column":8},"end":{"line":79,"column":75}},"46":{"start":{"line":80,"column":8},"end":{"line":80,"column":14}},"47":{"start":{"line":82,"column":4},"end":{"line":96,"column":6}},"48":{"start":{"line":85,"column":8},"end":{"line":94,"column":9}},"49":{"start":{"line":86,"column":12},"end":{"line":89,"column":13}},"50":{"start":{"line":87,"column":16},"end":{"line":87,"column":70}},"51":{"start":{"line":88,"column":16},"end":{"line":88,"column":22}},"52":{"start":{"line":90,"column":12},"end":{"line":90,"column":50}},"53":{"start":{"line":93,"column":12},"end":{"line":93,"column":57}},"54":{"start":{"line":99,"column":0},"end":{"line":109,"column":1}},"55":{"start":{"line":101,"column":4},"end":{"line":101,"column":53}},"56":{"start":{"line":103,"column":4},"end":{"line":108,"column":6}},"57":{"start":{"line":104,"column":8},"end":{"line":107,"column":50}},"58":{"start":{"line":105,"column":12},"end":{"line":105,"column":67}},"59":{"start":{"line":107,"column":12},"end":{"line":107,"column":50}},"60":{"start":{"line":110,"column":0},"end":{"line":110,"column":23}}},"fnMap":{"0":{"name":"(anonymous_0)","decl":{"start":{"line":9,"column":22},"end":{"line":9,"column":23}},"loc":{"start":{"line":9,"column":33},"end":{"line":28,"column":1}},"line":9},"1":{"name":"(anonymous_1)","decl":{"start":{"line":11,"column":33},"end":{"line":11,"column":34}},"loc":{"start":{"line":11,"column":52},"end":{"line":27,"column":5}},"line":11},"2":{"name":"(anonymous_2)","decl":{"start":{"line":20,"column":22},"end":{"line":20,"column":23}},"loc":{"start":{"line":20,"column":37},"end":{"line":25,"column":13}},"line":20},"3":{"name":"(anonymous_3)","decl":{"start":{"line":30,"column":18},"end":{"line":30,"column":19}},"loc":{"start":{"line":30,"column":31},"end":{"line":70,"column":1}},"line":30},"4":{"name":"(anonymous_4)","decl":{"start":{"line":52,"column":6},"end":{"line":52,"column":7}},"loc":{"start":{"line":52,"column":27},"end":{"line":68,"column":5}},"line":52},"5":{"name":"(anonymous_5)","decl":{"start":{"line":62,"column":18},"end":{"line":62,"column":19}},"loc":{"start":{"line":62,"column":32},"end":{"line":67,"column":9}},"line":62},"6":{"name":"(anonymous_6)","decl":{"start":{"line":72,"column":15},"end":{"line":72,"column":16}},"loc":{"start":{"line":72,"column":28},"end":{"line":97,"column":1}},"line":72},"7":{"name":"(anonymous_7)","decl":{"start":{"line":84,"column":6},"end":{"line":84,"column":7}},"loc":{"start":{"line":84,"column":27},"end":{"line":96,"column":5}},"line":84},"8":{"name":"(anonymous_8)","decl":{"start":{"line":99,"column":18},"end":{"line":99,"column":19}},"loc":{"start":{"line":99,"column":32},"end":{"line":109,"column":1}},"line":99},"9":{"name":"(anonymous_9)","decl":{"start":{"line":103,"column":40},"end":{"line":103,"column":41}},"loc":{"start":{"line":103,"column":60},"end":{"line":108,"column":5}},"line":103}},"branchMap":{"0":{"loc":{"start":{"line":13,"column":8},"end":{"line":26,"column":9}},"type":"if","locations":[{"start":{"line":13,"column":8},"end":{"line":26,"column":9}},{"start":{"line":13,"column":8},"end":{"line":26,"column":9}}],"line":13},"1":{"loc":{"start":{"line":15,"column":13},"end":{"line":26,"column":9}},"type":"if","locations":[{"start":{"line":15,"column":13},"end":{"line":26,"column":9}},{"start":{"line":15,"column":13},"end":{"line":26,"column":9}}],"line":15},"2":{"loc":{"start":{"line":21,"column":16},"end":{"line":24,"column":87}},"type":"if","locations":[{"start":{"line":21,"column":16},"end":{"line":24,"column":87}},{"start":{"line":21,"column":16},"end":{"line":24,"column":87}}],"line":21},"3":{"loc":{"start":{"line":38,"column":4},"end":{"line":41,"column":5}},"type":"if","locations":[{"start":{"line":38,"column":4},"end":{"line":41,"column":5}},{"start":{"line":38,"column":4},"end":{"line":41,"column":5}}],"line":38},"4":{"loc":{"start":{"line":42,"column":4},"end":{"line":45,"column":5}},"type":"if","locations":[{"start":{"line":42,"column":4},"end":{"line":45,"column":5}},{"start":{"line":42,"column":4},"end":{"line":45,"column":5}}],"line":42},"5":{"loc":{"start":{"line":46,"column":4},"end":{"line":49,"column":5}},"type":"if","locations":[{"start":{"line":46,"column":4},"end":{"line":49,"column":5}},{"start":{"line":46,"column":4},"end":{"line":49,"column":5}}],"line":46},"6":{"loc":{"start":{"line":53,"column":8},"end":{"line":56,"column":9}},"type":"if","locations":[{"start":{"line":53,"column":8},"end":{"line":56,"column":9}},{"start":{"line":53,"column":8},"end":{"line":56,"column":9}}],"line":53},"7":{"loc":{"start":{"line":63,"column":12},"end":{"line":66,"column":81}},"type":"if","locations":[{"start":{"line":63,"column":12},"end":{"line":66,"column":81}},{"start":{"line":63,"column":12},"end":{"line":66,"column":81}}],"line":63},"8":{"loc":{"start":{"line":78,"column":4},"end":{"line":81,"column":5}},"type":"if","locations":[{"start":{"line":78,"column":4},"end":{"line":81,"column":5}},{"start":{"line":78,"column":4},"end":{"line":81,"column":5}}],"line":78},"9":{"loc":{"start":{"line":78,"column":7},"end":{"line":78,"column":36}},"type":"binary-expr","locations":[{"start":{"line":78,"column":7},"end":{"line":78,"column":21}},{"start":{"line":78,"column":24},"end":{"line":78,"column":36}}],"line":78},"10":{"loc":{"start":{"line":85,"column":8},"end":{"line":94,"column":9}},"type":"if","locations":[{"start":{"line":85,"column":8},"end":{"line":94,"column":9}},{"start":{"line":85,"column":8},"end":{"line":94,"column":9}}],"line":85},"11":{"loc":{"start":{"line":86,"column":12},"end":{"line":89,"column":13}},"type":"if","locations":[{"start":{"line":86,"column":12},"end":{"line":89,"column":13}},{"start":{"line":86,"column":12},"end":{"line":89,"column":13}}],"line":86},"12":{"loc":{"start":{"line":104,"column":8},"end":{"line":107,"column":50}},"type":"if","locations":[{"start":{"line":104,"column":8},"end":{"line":107,"column":50}},{"start":{"line":104,"column":8},"end":{"line":107,"column":50}}],"line":104}},"s":{"0":1,"1":1,"2":1,"3":1,"4":1,"5":1,"6":2,"7":2,"8":2,"9":0,"10":2,"11":1,"12":1,"13":1,"14":1,"15":0,"16":1,"17":1,"18":5,"19":5,"20":5,"21":5,"22":5,"23":1,"24":1,"25":4,"26":1,"27":1,"28":3,"29":1,"30":1,"31":2,"32":2,"33":1,"34":1,"35":1,"36":1,"37":1,"38":0,"39":1,"40":1,"41":4,"42":4,"43":4,"44":4,"45":1,"46":1,"47":3,"48":3,"49":2,"50":1,"51":1,"52":1,"53":1,"54":1,"55":5,"56":5,"57":5,"58":2,"59":3,"60":1},"f":{"0":2,"1":2,"2":1,"3":5,"4":2,"5":1,"6":4,"7":3,"8":5,"9":5},"b":{"0":[0,2],"1":[1,1],"2":[0,1],"3":[1,4],"4":[1,3],"5":[1,2],"6":[1,1],"7":[0,1],"8":[1,3],"9":[4,4],"10":[2,1],"11":[1,1],"12":[2,3]},"_coverageSchema":"43e27e138ebf9cfc5966b082cf9a028302ed4184","hash":"fddff6bdcf29158ed699c44467e4d6c4e4099468","contentHash":"db998963e77ac3667535c9cffd8ae7116ac0a8a6527029c2d91e053eba7b4977"}}