TN:
SF:E:\xueyi\2020（1）\AS\NovelIdeas-master\NovelIdeas-master\app.js
FN:45,(anonymous_0)
FN:50,(anonymous_1)
FNF:2
FNH:0
FNDA:0,(anonymous_0)
FNDA:0,(anonymous_1)
DA:1,1
DA:2,1
DA:3,1
DA:4,1
DA:5,1
DA:7,1
DA:8,1
DA:10,1
DA:11,1
DA:12,1
DA:13,1
DA:16,1
DA:17,1
DA:19,1
DA:20,1
DA:21,1
DA:22,1
DA:23,1
DA:25,1
DA:26,1
DA:28,1
DA:29,1
DA:30,1
DA:31,1
DA:33,1
DA:34,1
DA:35,1
DA:36,1
DA:37,1
DA:39,1
DA:40,1
DA:41,1
DA:42,1
DA:43,1
DA:45,1
DA:46,0
DA:50,1
DA:52,0
DA:53,0
DA:56,0
DA:57,0
DA:59,1
DA:60,1
DA:62,1
LF:44
LH:39
BRDA:53,0,0,0
BRDA:53,0,1,0
BRDA:56,1,0,0
BRDA:56,1,1,0
BRDA:59,2,0,1
BRDA:59,2,1,0
BRF:6
BRH:1
end_of_record
TN:
SF:E:\xueyi\2020（1）\AS\NovelIdeas-master\NovelIdeas-master\models\author.js
FNF:0
FNH:0
DA:1,1
DA:3,1
DA:13,1
LF:3
LH:3
BRF:0
BRH:0
end_of_record
TN:
SF:E:\xueyi\2020（1）\AS\NovelIdeas-master\NovelIdeas-master\models\novels.js
FNF:0
FNH:0
DA:1,1
DA:3,1
DA:13,1
LF:3
LH:3
BRF:0
BRH:0
end_of_record
TN:
SF:E:\xueyi\2020（1）\AS\NovelIdeas-master\NovelIdeas-master\models\user.js
FNF:0
FNH:0
DA:1,1
DA:3,1
DA:10,1
LF:3
LH:3
BRF:0
BRH:0
end_of_record
TN:
SF:E:\xueyi\2020（1）\AS\NovelIdeas-master\NovelIdeas-master\routes\author.js
FN:7,(anonymous_0)
FN:11,(anonymous_1)
FN:19,(anonymous_2)
FN:23,(anonymous_3)
FN:32,(anonymous_4)
FN:48,(anonymous_5)
FN:59,(anonymous_6)
FN:68,(anonymous_7)
FN:78,(anonymous_8)
FN:80,(anonymous_9)
FN:85,(anonymous_10)
FN:95,(anonymous_11)
FN:97,(anonymous_12)
FNF:13
FNH:12
FNDA:1,(anonymous_0)
FNDA:1,(anonymous_1)
FNDA:4,(anonymous_2)
FNDA:4,(anonymous_3)
FNDA:3,(anonymous_4)
FNDA:2,(anonymous_5)
FNDA:1,(anonymous_6)
FNDA:0,(anonymous_7)
FNDA:2,(anonymous_8)
FNDA:2,(anonymous_9)
FNDA:1,(anonymous_10)
FNDA:2,(anonymous_11)
FNDA:2,(anonymous_12)
DA:1,1
DA:2,1
DA:3,1
DA:4,1
DA:5,1
DA:7,1
DA:9,1
DA:11,1
DA:12,1
DA:13,0
DA:15,1
DA:19,1
DA:21,4
DA:23,4
DA:24,4
DA:25,1
DA:27,3
DA:32,1
DA:34,3
DA:36,3
DA:37,3
DA:38,3
DA:39,3
DA:41,3
DA:42,1
DA:43,1
DA:46,2
DA:49,2
DA:50,1
DA:51,1
DA:53,1
DA:59,1
DA:60,1
DA:61,0
DA:63,1
DA:68,1
DA:69,0
DA:71,0
DA:72,0
DA:73,0
DA:76,0
DA:78,1
DA:80,2
DA:81,2
DA:82,1
DA:84,1
DA:85,1
DA:86,1
DA:87,0
DA:89,1
DA:95,1
DA:97,2
DA:98,2
DA:99,1
DA:101,1
DA:106,1
LF:56
LH:48
BRDA:12,0,0,0
BRDA:12,0,1,1
BRDA:24,1,0,1
BRDA:24,1,1,3
BRDA:41,2,0,1
BRDA:41,2,1,2
BRDA:49,3,0,1
BRDA:49,3,1,1
BRDA:60,4,0,0
BRDA:60,4,1,1
BRDA:71,5,0,0
BRDA:71,5,1,0
BRDA:81,6,0,1
BRDA:81,6,1,1
BRDA:86,7,0,0
BRDA:86,7,1,1
BRDA:98,8,0,1
BRDA:98,8,1,1
BRF:18
BRH:13
end_of_record
TN:
SF:E:\xueyi\2020（1）\AS\NovelIdeas-master\NovelIdeas-master\routes\index.js
FN:5,(anonymous_0)
FNF:1
FNH:0
FNDA:0,(anonymous_0)
DA:1,1
DA:2,1
DA:5,1
DA:6,0
DA:9,1
LF:5
LH:4
BRF:0
BRH:0
end_of_record
TN:
SF:E:\xueyi\2020（1）\AS\NovelIdeas-master\NovelIdeas-master\routes\novels.js
FN:5,(anonymous_0)
FN:9,(anonymous_1)
FN:17,(anonymous_2)
FN:21,(anonymous_3)
FN:30,(anonymous_4)
FN:46,(anonymous_5)
FN:57,(anonymous_6)
FN:66,(anonymous_7)
FN:67,(anonymous_8)
FN:72,(anonymous_9)
FN:81,(anonymous_10)
FN:83,(anonymous_11)
FNF:12
FNH:12
FNDA:1,(anonymous_0)
FNDA:1,(anonymous_1)
FNDA:5,(anonymous_2)
FNDA:5,(anonymous_3)
FNDA:3,(anonymous_4)
FNDA:2,(anonymous_5)
FNDA:1,(anonymous_6)
FNDA:1,(anonymous_7)
FNDA:1,(anonymous_8)
FNDA:1,(anonymous_9)
FNDA:1,(anonymous_10)
FNDA:1,(anonymous_11)
DA:1,1
DA:2,1
DA:3,1
DA:5,1
DA:7,1
DA:9,1
DA:10,1
DA:11,0
DA:13,1
DA:17,1
DA:19,5
DA:21,5
DA:22,5
DA:23,2
DA:25,3
DA:30,1
DA:32,3
DA:34,3
DA:35,3
DA:36,3
DA:37,3
DA:39,3
DA:40,1
DA:41,1
DA:44,2
DA:47,2
DA:48,1
DA:49,1
DA:51,1
DA:57,1
DA:58,1
DA:59,0
DA:61,1
DA:66,1
DA:67,1
DA:68,1
DA:69,0
DA:71,1
DA:72,1
DA:73,1
DA:74,0
DA:76,1
DA:81,1
DA:83,1
DA:84,1
DA:85,1
DA:87,0
DA:91,1
LF:48
LH:43
BRDA:10,0,0,0
BRDA:10,0,1,1
BRDA:22,1,0,2
BRDA:22,1,1,3
BRDA:39,2,0,1
BRDA:39,2,1,2
BRDA:47,3,0,1
BRDA:47,3,1,1
BRDA:58,4,0,0
BRDA:58,4,1,1
BRDA:68,5,0,0
BRDA:68,5,1,1
BRDA:73,6,0,0
BRDA:73,6,1,1
BRDA:84,7,0,1
BRDA:84,7,1,0
BRF:16
BRH:11
end_of_record
TN:
SF:E:\xueyi\2020（1）\AS\NovelIdeas-master\NovelIdeas-master\routes\user.js
FN:9,(anonymous_0)
FN:11,(anonymous_1)
FN:20,(anonymous_2)
FN:30,(anonymous_3)
FN:52,(anonymous_4)
FN:62,(anonymous_5)
FN:72,(anonymous_6)
FN:84,(anonymous_7)
FN:99,(anonymous_8)
FN:103,(anonymous_9)
FNF:10
FNH:10
FNDA:2,(anonymous_0)
FNDA:2,(anonymous_1)
FNDA:1,(anonymous_2)
FNDA:5,(anonymous_3)
FNDA:2,(anonymous_4)
FNDA:1,(anonymous_5)
FNDA:4,(anonymous_6)
FNDA:3,(anonymous_7)
FNDA:5,(anonymous_8)
FNDA:5,(anonymous_9)
DA:1,1
DA:2,1
DA:3,1
DA:4,1
DA:5,1
DA:9,1
DA:11,2
DA:12,2
DA:13,2
DA:14,0
DA:15,2
DA:16,1
DA:19,1
DA:20,1
DA:21,1
DA:22,0
DA:24,1
DA:30,1
DA:31,5
DA:33,5
DA:34,5
DA:35,5
DA:38,5
DA:39,1
DA:40,1
DA:42,4
DA:43,1
DA:44,1
DA:46,3
DA:47,1
DA:48,1
DA:50,2
DA:53,2
DA:54,1
DA:55,1
DA:57,1
DA:62,1
DA:63,1
DA:64,0
DA:66,1
DA:72,1
DA:73,4
DA:75,4
DA:76,4
DA:78,4
DA:79,1
DA:80,1
DA:82,3
DA:85,3
DA:86,2
DA:87,1
DA:88,1
DA:90,1
DA:93,1
DA:99,1
DA:101,5
DA:103,5
DA:104,5
DA:105,2
DA:107,3
DA:110,1
LF:61
LH:58
BRDA:13,0,0,0
BRDA:13,0,1,2
BRDA:15,1,0,1
BRDA:15,1,1,1
BRDA:21,2,0,0
BRDA:21,2,1,1
BRDA:38,3,0,1
BRDA:38,3,1,4
BRDA:42,4,0,1
BRDA:42,4,1,3
BRDA:46,5,0,1
BRDA:46,5,1,2
BRDA:53,6,0,1
BRDA:53,6,1,1
BRDA:63,7,0,0
BRDA:63,7,1,1
BRDA:78,8,0,1
BRDA:78,8,1,3
BRDA:78,9,0,4
BRDA:78,9,1,4
BRDA:85,10,0,2
BRDA:85,10,1,1
BRDA:86,11,0,1
BRDA:86,11,1,1
BRDA:104,12,0,2
BRDA:104,12,1,3
BRF:26
BRH:23
end_of_record
TN:
SF:E:\xueyi\2020（1）\AS\NovelIdeas-master\NovelIdeas-master\routes\users.js
FN:5,(anonymous_0)
FNF:1
FNH:0
FNDA:0,(anonymous_0)
DA:1,1
DA:2,1
DA:5,1
DA:6,0
DA:9,1
LF:5
LH:4
BRF:0
BRH:0
end_of_record
